<?xml version="1.0" encoding="UTF-8"?>
<testsuite name="ohtu.matkakortti.KassapaateTest" tests="4" skipped="0" failures="0" errors="0" timestamp="2019-11-18T11:35:53" hostname="DESKTOP-2TA4BAI" time="0.285">
  <properties/>
  <testcase name="kortiltaVelotetaanHintaJosRahaaOn" classname="ohtu.matkakortti.KassapaateTest" time="0.283"/>
  <testcase name="kortilleEiLadataRahaajosSummaOnNegatiivinen" classname="ohtu.matkakortti.KassapaateTest" time="0.0"/>
  <testcase name="kortilleLadataanRahaaJosSummaOnPositiivinen" classname="ohtu.matkakortti.KassapaateTest" time="0.0"/>
  <testcase name="kortiltaEiVelotetaJosRahaEiRiita" classname="ohtu.matkakortti.KassapaateTest" time="0.001"/>
  <system-out><![CDATA[]]></system-out>
  <system-err><![CDATA[]]></system-err>
</testsuite>
